<?xml version="1.0" encoding="UTF-8"?>
<robot generator="Robot 7.1.1 (Python 3.13.0 on win32)" generated="2024-11-06T13:53:37.972653" rpa="false" schemaversion="5">
<suite id="s1" name="Tc25" source="C:\Users\non17\OneDrive\เดสก์ท็อป\assingment basic\tc25.robot">
<test id="s1-t1" name="Parallel Test 1" line="6">
<kw name="Log" owner="BuiltIn">
<msg time="2024-11-06T13:53:38.342570" level="INFO">Running Test 1</msg>
<arg>Running Test 1</arg>
<doc>Logs the given message with the given level.</doc>
<status status="PASS" start="2024-11-06T13:53:38.342295" elapsed="0.000337"/>
</kw>
<status status="PASS" start="2024-11-06T13:53:38.341432" elapsed="0.001347"/>
</test>
<test id="s1-t2" name="Parallel Test 2" line="9">
<kw name="Log" owner="BuiltIn">
<msg time="2024-11-06T13:53:38.343469" level="INFO">Running Test 2</msg>
<arg>Running Test 2</arg>
<doc>Logs the given message with the given level.</doc>
<status status="PASS" start="2024-11-06T13:53:38.343312" elapsed="0.000219"/>
</kw>
<status status="PASS" start="2024-11-06T13:53:38.343002" elapsed="0.000639"/>
</test>
<test id="s1-t3" name="Parallel Test 3" line="12">
<kw name="Log" owner="BuiltIn">
<msg time="2024-11-06T13:53:38.352437" level="INFO">Running Test 3</msg>
<arg>Running Test 3</arg>
<doc>Logs the given message with the given level.</doc>
<status status="PASS" start="2024-11-06T13:53:38.352240" elapsed="0.000249"/>
</kw>
<status status="PASS" start="2024-11-06T13:53:38.343843" elapsed="0.008761"/>
</test>
<status status="PASS" start="2024-11-06T13:53:38.002424" elapsed="0.350506"/>
</suite>
<statistics>
<total>
<stat pass="3" fail="0" skip="0">All Tests</stat>
</total>
<tag>
</tag>
<suite>
<stat pass="3" fail="0" skip="0" id="s1" name="Tc25">Tc25</stat>
</suite>
</statistics>
<errors>
</errors>
</robot>
